<?xml version="1.0" encoding="UTF-8"?>
<!-- Generated by org.testng.reporters.JUnitReportReporter -->
<testsuite hostname="admin-PC" name="spkm.SPK" tests="1" failures="0" timestamp="20 Aug 2016 12:35:13 GMT" time="15.827" errors="0">
  <testcase name="main" time="15.827" classname="spkm.SPK"/>
</testsuite> <!-- spkm.SPK -->
